<?xml version="1.0" encoding="UTF-8"?>
<coverage generated="1721649473">
  <project timestamp="1721649473">
    <package name="Scarlett\LshwParser">
      <file name="/home/scarlett/code/lshw-parser/src/lshw-parser/Entry.php">
        <class name="Scarlett\LshwParser\Entry" namespace="Scarlett\LshwParser">
          <metrics complexity="18" methods="10" coveredmethods="8" conditionals="0" coveredconditionals="0" statements="24" coveredstatements="19" elements="34" coveredelements="27"/>
        </class>
        <line num="33" type="method" name="__construct" visibility="public" complexity="1" crap="1" count="4"/>
        <line num="35" type="stmt" count="4"/>
        <line num="36" type="stmt" count="4"/>
        <line num="45" type="method" name="parseNode" visibility="private" complexity="5" crap="5.93" count="4"/>
        <line num="47" type="stmt" count="4"/>
        <line num="48" type="stmt" count="4"/>
        <line num="49" type="stmt" count="4"/>
        <line num="51" type="stmt" count="4"/>
        <line num="52" type="stmt" count="0"/>
        <line num="53" type="stmt" count="0"/>
        <line num="55" type="stmt" count="0"/>
        <line num="58" type="stmt" count="4"/>
        <line num="62" type="stmt" count="4"/>
        <line num="72" type="method" name="getProperty" visibility="public" complexity="5" crap="5.93" count="1"/>
        <line num="74" type="stmt" count="1"/>
        <line num="75" type="stmt" count="0"/>
        <line num="78" type="stmt" count="1"/>
        <line num="79" type="stmt" count="1"/>
        <line num="80" type="stmt" count="0"/>
        <line num="83" type="stmt" count="1"/>
        <line num="91" type="method" name="getProperties" visibility="public" complexity="1" crap="1" count="1"/>
        <line num="93" type="stmt" count="1"/>
        <line num="102" type="method" name="hasProperty" visibility="public" complexity="1" crap="1" count="1"/>
        <line num="104" type="stmt" count="1"/>
        <line num="112" type="method" name="current" visibility="public" complexity="1" crap="1" count="1"/>
        <line num="114" type="stmt" count="1"/>
        <line num="122" type="method" name="next" visibility="public" complexity="1" crap="1" count="1"/>
        <line num="124" type="stmt" count="1"/>
        <line num="132" type="method" name="key" visibility="public" complexity="1" crap="1" count="1"/>
        <line num="134" type="stmt" count="1"/>
        <line num="142" type="method" name="valid" visibility="public" complexity="1" crap="1" count="1"/>
        <line num="144" type="stmt" count="1"/>
        <line num="152" type="method" name="rewind" visibility="public" complexity="1" crap="1" count="1"/>
        <line num="154" type="stmt" count="1"/>
        <metrics loc="157" ncloc="89" classes="1" methods="10" coveredmethods="8" conditionals="0" coveredconditionals="0" statements="24" coveredstatements="19" elements="34" coveredelements="27"/>
      </file>
      <file name="/home/scarlett/code/lshw-parser/src/lshw-parser/Parser.php">
        <class name="Scarlett\LshwParser\Parser" namespace="Scarlett\LshwParser">
          <metrics complexity="45" methods="17" coveredmethods="12" conditionals="0" coveredconditionals="0" statements="78" coveredstatements="70" elements="95" coveredelements="82"/>
        </class>
        <line num="47" type="method" name="__construct" visibility="public" complexity="4" crap="4.03" count="23"/>
        <line num="49" type="stmt" count="23"/>
        <line num="50" type="stmt" count="23"/>
        <line num="52" type="stmt" count="23"/>
        <line num="53" type="stmt" count="4"/>
        <line num="54" type="stmt" count="4"/>
        <line num="55" type="stmt" count="19"/>
        <line num="56" type="stmt" count="0"/>
        <line num="58" type="stmt" count="23"/>
        <line num="68" type="method" name="readFile" visibility="public" complexity="2" crap="2.06" count="4"/>
        <line num="70" type="stmt" count="4"/>
        <line num="71" type="stmt" count="4"/>
        <line num="72" type="stmt" count="0"/>
        <line num="74" type="stmt" count="4"/>
        <line num="83" type="method" name="loadXML" visibility="private" complexity="2" crap="2" count="23"/>
        <line num="85" type="stmt" count="23"/>
        <line num="86" type="stmt" count="2"/>
        <line num="95" type="method" name="getSkipHubs" visibility="public" complexity="1" crap="1" count="3"/>
        <line num="97" type="stmt" count="3"/>
        <line num="105" type="method" name="setSkipHubs" visibility="public" complexity="1" crap="1" count="2"/>
        <line num="107" type="stmt" count="2"/>
        <line num="115" type="method" name="getSystemMemory" visibility="public" complexity="1" crap="1" count="1"/>
        <line num="117" type="stmt" count="1"/>
        <line num="125" type="method" name="getCpuInfo" visibility="public" complexity="1" crap="1" count="1"/>
        <line num="127" type="stmt" count="1"/>
        <line num="135" type="method" name="getStorageDevices" visibility="public" complexity="1" crap="1" count="1"/>
        <line num="137" type="stmt" count="1"/>
        <line num="145" type="method" name="getNetworkInterfaces" visibility="public" complexity="1" crap="1" count="1"/>
        <line num="147" type="stmt" count="1"/>
        <line num="156" type="method" name="searchNodeByClass" visibility="private" complexity="3" crap="3" count="2"/>
        <line num="158" type="stmt" count="2"/>
        <line num="159" type="stmt" count="2"/>
        <line num="161" type="stmt" count="2"/>
        <line num="162" type="stmt" count="1"/>
        <line num="165" type="stmt" count="1"/>
        <line num="175" type="method" name="searchNodesByClass" visibility="private" complexity="5" crap="5.20" count="4"/>
        <line num="177" type="stmt" count="4"/>
        <line num="178" type="stmt" count="4"/>
        <line num="180" type="stmt" count="4"/>
        <line num="181" type="stmt" count="0"/>
        <line num="184" type="stmt" count="4"/>
        <line num="185" type="stmt" count="4"/>
        <line num="186" type="stmt" count="4"/>
        <line num="187" type="stmt" count="0"/>
        <line num="189" type="stmt" count="4"/>
        <line num="192" type="stmt" count="4"/>
        <line num="202" type="method" name="searchNodesByFilter" visibility="public" complexity="6" crap="6.17" count="7"/>
        <line num="204" type="stmt" count="7"/>
        <line num="205" type="stmt" count="7"/>
        <line num="207" type="stmt" count="7"/>
        <line num="208" type="stmt" count="0"/>
        <line num="211" type="stmt" count="7"/>
        <line num="212" type="stmt" count="7"/>
        <line num="213" type="stmt" count="7"/>
        <line num="214" type="stmt" count="0"/>
        <line num="216" type="stmt" count="7"/>
        <line num="217" type="stmt" count="7"/>
        <line num="218" type="stmt" count="6"/>
        <line num="222" type="stmt" count="7"/>
        <line num="233" type="method" name="parseByProperties" visibility="public" complexity="4" crap="4" count="6"/>
        <line num="235" type="stmt" count="6"/>
        <line num="236" type="stmt" count="6"/>
        <line num="237" type="stmt" count="6"/>
        <line num="238" type="stmt" count="6"/>
        <line num="239" type="stmt" count="2"/>
        <line num="241" type="stmt" count="6"/>
        <line num="244" type="stmt" count="6"/>
        <line num="245" type="stmt" count="6"/>
        <line num="254" type="method" name="getNodeProperties" visibility="private" complexity="4" crap="4" count="7"/>
        <line num="256" type="stmt" count="7"/>
        <line num="257" type="stmt" count="7"/>
        <line num="258" type="stmt" count="7"/>
        <line num="260" type="stmt" count="7"/>
        <line num="261" type="stmt" count="7"/>
        <line num="262" type="stmt" count="7"/>
        <line num="265" type="stmt" count="7"/>
        <line num="274" type="method" name="isHub" visibility="private" complexity="3" crap="3" count="1"/>
        <line num="276" type="stmt" count="1"/>
        <line num="277" type="stmt" count="1"/>
        <line num="278" type="stmt" count="1"/>
        <line num="279" type="stmt" count="1"/>
        <line num="282" type="stmt" count="1"/>
        <line num="290" type="method" name="getRawDomDocument" visibility="public" complexity="1" crap="1" count="1"/>
        <line num="292" type="stmt" count="1"/>
        <line num="302" type="method" name="searchNodesByXPath" visibility="public" complexity="5" crap="5.20" count="1"/>
        <line num="304" type="stmt" count="1"/>
        <line num="305" type="stmt" count="1"/>
        <line num="307" type="stmt" count="1"/>
        <line num="308" type="stmt" count="0"/>
        <line num="311" type="stmt" count="1"/>
        <line num="312" type="stmt" count="1"/>
        <line num="313" type="stmt" count="1"/>
        <line num="314" type="stmt" count="0"/>
        <line num="316" type="stmt" count="1"/>
        <line num="319" type="stmt" count="1"/>
        <metrics loc="322" ncloc="204" classes="1" methods="17" coveredmethods="12" conditionals="0" coveredconditionals="0" statements="78" coveredstatements="70" elements="95" coveredelements="82"/>
      </file>
      <file name="/home/scarlett/code/lshw-parser/src/lshw-parser/Property.php">
        <class name="Scarlett\LshwParser\Property" namespace="Scarlett\LshwParser">
          <metrics complexity="6" methods="5" coveredmethods="5" conditionals="0" coveredconditionals="0" statements="5" coveredstatements="5" elements="10" coveredelements="10"/>
        </class>
        <line num="28" type="method" name="__construct" visibility="public" complexity="2" crap="2" count="2"/>
        <line num="30" type="stmt" count="2"/>
        <line num="38" type="method" name="getValues" visibility="public" complexity="1" crap="1" count="2"/>
        <line num="40" type="stmt" count="2"/>
        <line num="48" type="method" name="getFirstValue" visibility="public" complexity="1" crap="1" count="2"/>
        <line num="50" type="stmt" count="2"/>
        <line num="59" type="method" name="getValue" visibility="public" complexity="1" crap="1" count="1"/>
        <line num="61" type="stmt" count="1"/>
        <line num="69" type="method" name="getCount" visibility="public" complexity="1" crap="1" count="2"/>
        <line num="71" type="stmt" count="2"/>
        <metrics loc="74" ncloc="35" classes="1" methods="5" coveredmethods="5" conditionals="0" coveredconditionals="0" statements="5" coveredstatements="5" elements="10" coveredelements="10"/>
      </file>
    </package>
    <package name="Scarlett\LshwParser\Exceptions">
      <file name="/home/scarlett/code/lshw-parser/src/lshw-parser/Exceptions/ParserException.php">
        <class name="Scarlett\LshwParser\Exceptions\ParserException" namespace="Scarlett\LshwParser\Exceptions">
          <metrics complexity="2" methods="2" coveredmethods="0" conditionals="0" coveredconditionals="0" statements="8" coveredstatements="0" elements="10" coveredelements="0"/>
        </class>
        <line num="17" type="method" name="__construct" visibility="public" complexity="1" crap="2" count="0"/>
        <line num="19" type="stmt" count="0"/>
        <line num="27" type="method" name="getFormattedMessage" visibility="public" complexity="1" crap="2" count="0"/>
        <line num="29" type="stmt" count="0"/>
        <line num="30" type="stmt" count="0"/>
        <line num="31" type="stmt" count="0"/>
        <line num="32" type="stmt" count="0"/>
        <line num="33" type="stmt" count="0"/>
        <line num="34" type="stmt" count="0"/>
        <line num="35" type="stmt" count="0"/>
        <metrics loc="38" ncloc="26" classes="1" methods="2" coveredmethods="0" conditionals="0" coveredconditionals="0" statements="8" coveredstatements="0" elements="10" coveredelements="0"/>
      </file>
    </package>
    <metrics files="4" loc="591" ncloc="354" classes="4" methods="34" coveredmethods="25" conditionals="0" coveredconditionals="0" statements="115" coveredstatements="94" elements="149" coveredelements="119"/>
  </project>
</coverage>
